============================================================
Time  2023/07/18 15:39:11 057 
============================================================
[2023/07/18 15:39:11 057] isr_1conn  2211 SYS_MSG_LOAD_CLOUD  
[2023/07/18 15:39:11 057] isr_1conn  2232 SYS_MSG_REGCB_CLOUD param0 =   msp_status_cb  param1 =  func(b2125ce8) 
[2023/07/18 15:39:11 058] isr_1conn  2232 SYS_MSG_REGCB_CLOUD param0 =   cloud_rslt_cb  param1 =  func(b21ad488) 
[2023/07/18 15:39:11 058] isr_1conn  2232 SYS_MSG_REGCB_CLOUD param0 =   cloud_err_cb  param1 =  func(b21ad548) 
[2023/07/18 15:39:11 058] isr_1conn  2232 SYS_MSG_REGCB_CLOUD param0 =   cloud_status_cb  param1 =  func(b21ad5a8) 
[2023/07/18 15:39:11 059] isr_1conn  1411 onesoc  
[2023/07/18 15:39:11 059] isr_1conn  1412 ASR_CLOUD_MSG_SSB  
[2023/07/18 15:39:11 059] isr_1conn  1427 isr_1conn  cloud_cisr1PdHHBHvVvPZ0w7Kawu8f1h60rcdfsc  268436457  1643074006  
[2023/07/18 15:39:11 060] isr_1conn  1497 req_lgi_id =  d18657010834@cdd053ec  
[2023/07/18 15:39:11 060] isr_1conn  1631 nil  
[2023/07/18 15:39:11 060] isr_1conn  1690 speex-wb  
[2023/07/18 15:39:11 060] isr_1conn  1770 net_once_bytes  nil  
[2023/07/18 15:39:11 060] isr_1conn  1775 need_encode  true  
[2023/07/18 15:39:11 060] isr_1conn  1777 once bytes  122  
[2023/07/18 15:39:11 061] isr_1conn  1801 User set url is   nil  
[2023/07/18 15:39:11 062] transport  642  paramkvsport is   nil  
[2023/07/18 15:39:11 062] transport  654  ns_enable=  1  
[2023/07/18 15:39:11 062] transport  656  2017-08--24 is_ns_need_close =   nil  
[2023/07/18 15:39:11 062] transport  662  net.nettype=  standard  
[2023/07/18 15:39:11 062] transport  672  url.full=  nil  
[2023/07/18 15:39:11 062] transport  673  urltmp=  nil  
[2023/07/18 15:39:11 062] transport  677  server_url_host=, server_url_port=, server_url_path=  open.xf-yun.com  nil  /msp.do  
[2023/07/18 15:39:11 063] transport  705  url.full=  nil  
[2023/07/18 15:39:11 063] transport  902  net type:  standard  
[2023/07/18 15:39:11 063] transport  903  net operator:  def  
[2023/07/18 15:39:11 063] transport  904  use proxy:  false  
[2023/07/18 15:39:11 063] transport  1102 session.domain=  open.xf-yun.com  
[2023/07/18 15:39:11 063] transport  1103 url.host=  open.xf-yun.com  
[2023/07/18 15:39:11 063] transport  1142 using nameserver ip:  121.37.220.137  
[2023/07/18 15:39:11 064] transport  1298 [soc] connect   121.37.220.137  80  
[2023/07/18 15:39:11 064] transport  1310 mspsoc.open,prot_type=  tcp  
