============================================================
Time  2023/07/18 15:30:26 923 
============================================================
[2023/07/18 15:30:26 923] isr_1conn  2211 SYS_MSG_LOAD_CLOUD  
[2023/07/18 15:30:26 923] isr_1conn  2232 SYS_MSG_REGCB_CLOUD param0 =   msp_status_cb  param1 =  func(b2154290) 
[2023/07/18 15:30:26 924] isr_1conn  2232 SYS_MSG_REGCB_CLOUD param0 =   cloud_rslt_cb  param1 =  func(b2154390) 
[2023/07/18 15:30:26 924] isr_1conn  2232 SYS_MSG_REGCB_CLOUD param0 =   cloud_err_cb  param1 =  func(b2154450) 
[2023/07/18 15:30:26 925] isr_1conn  2232 SYS_MSG_REGCB_CLOUD param0 =   cloud_status_cb  param1 =  func(b2154510) 
[2023/07/18 15:30:26 925] isr_1conn  1411 onesoc  
[2023/07/18 15:30:26 925] isr_1conn  1412 ASR_CLOUD_MSG_SSB  
[2023/07/18 15:30:26 926] isr_1conn  1427 isr_1conn  cloud_cisr1PdHHBHvVoRnlw8Eaaui-CYzmuDWX1  268436457  1643074006  
[2023/07/18 15:30:26 926] isr_1conn  1497 req_lgi_id =  nil  
[2023/07/18 15:30:26 926] isr_1conn  1498 not login!  
[2023/07/18 15:30:26 931] isr_1conn  1631 nil  
[2023/07/18 15:30:26 938] isr_1conn  1690 speex-wb  
[2023/07/18 15:30:26 938] isr_1conn  1770 net_once_bytes  nil  
[2023/07/18 15:30:26 938] isr_1conn  1775 need_encode  true  
[2023/07/18 15:30:26 938] isr_1conn  1777 once bytes  122  
[2023/07/18 15:30:26 939] isr_1conn  1801 User set url is   nil  
[2023/07/18 15:30:26 939] transport  642  paramkvsport is   nil  
[2023/07/18 15:30:26 939] transport  654  ns_enable=  1  
[2023/07/18 15:30:26 939] transport  656  2017-08--24 is_ns_need_close =   nil  
[2023/07/18 15:30:26 939] transport  662  net.nettype=  standard  
[2023/07/18 15:30:26 939] transport  672  url.full=  nil  
[2023/07/18 15:30:26 940] transport  673  urltmp=  nil  
[2023/07/18 15:30:26 940] transport  677  server_url_host=, server_url_port=, server_url_path=  open.xf-yun.com  nil  /msp.do  
[2023/07/18 15:30:26 940] transport  705  url.full=  nil  
[2023/07/18 15:30:26 940] transport  902  net type:  standard  
[2023/07/18 15:30:26 940] transport  903  net operator:  def  
[2023/07/18 15:30:26 940] transport  904  use proxy:  false  
[2023/07/18 15:30:26 940] transport  1102 session.domain=  open.xf-yun.com  
[2023/07/18 15:30:26 940] transport  1103 url.host=  open.xf-yun.com  
[2023/07/18 15:30:26 941] network    90   ipfromenv ,  ipcache  open.xf-yun.com  def  nil  
[2023/07/18 15:30:26 941] transport  1080 NAMESERVER START  
[2023/07/18 15:30:26 941] transport  1083 name =   iat  
[2023/07/18 15:30:26 941] ns         629  ntt=  standard  
[2023/07/18 15:30:26 941] transport  1086 trans,ns_inprog =  0  
[2023/07/18 15:30:26 941] ns         585  name server start  
[2023/07/18 15:30:26 942] ns         586  ns_sub =   iat  
[2023/07/18 15:30:26 942] ns         588  ns_host=  open.xf-yun.com  
[2023/07/18 15:30:26 942] ns         479  ns_host=  open.xf-yun.com  
[2023/07/18 15:30:26 942] ns         558  GET /sip/resolver?srand=0718153011.32 HTTP/1.1
Host: hdns.openspeech.cn
Connection: Keep-Alive
X-Par: ver=1.3&appid=cdd053ec&operator=UNKNOW&nettype=STANDARD&cver=5.0.38.1195&svc=iat&host=open.xf-yun.com&sign=5e1fcfb8e320e156a5d93a2d8b624840
User-Agent: iFLYCloud

  
[2023/07/18 15:30:26 942] ns         559  net_type =  standard  
[2023/07/18 15:30:26 942] ns         560  cmwapascmnet =  
[2023/07/18 15:30:26 943] ns         561  uniwapasuninet =  
[2023/07/18 15:30:26 943] ns         562  ctwapasctnet =  
[2023/07/18 15:30:26 943] ns         579  host=  hdns.openspeech.cn  
[2023/07/18 15:30:26 943] network    263  gethostbyname  hdns.openspeech.cn  ns1  
