[2023/07/18 13:13:00 677] isr_1conn  292  netperf =   90  
[2023/07/18 13:13:00 678] transport  479  [soc] [1] send ok  324  
[2023/07/18 13:13:00 680] transport  1788 transport_obj.try2send | in  
[2023/07/18 13:13:00 680] transport  1789 self.soc  udata(b2139420) 
[2023/07/18 13:13:00 680] transport  1790 self.connected  true  
[2023/07/18 13:13:00 680] transport  1791 self.latesterr  0  
[2023/07/18 13:13:00 681] transport  1808 transport:try2send,#msg_q=  0  
[2023/07/18 13:13:00 767] transport  491  [soc] [1] readable  
[2023/07/18 13:13:00 772] transport  1756 HTTP/1.1 200 OK
Content-Type: multipart/mixed;boundary=--
Content-Length: 300
X-Req-Date: 2023/07/18 13:13:00 665
CL: 300
X-Res-Date: 2023/07/18 13:13:00 672

----
CT:text/plain
CL:187

ver=MSSP+0%2E9&ret=0&uid=d18657010834&rss=5&eps=3&cver=5%2E0%2E38%2E1195&key=0fCqY3GvkHxAhNyQKP1ZxTbP^CiJeq3JloG6teijpEHY4^HBywnTxKrYa4XMg2oYMStQy8j/bqXoZL6RxJ/fwQ25m4IN4D/F8lS^kcSf38ENs=
----
CT:binary/recresult;charset=utf8
CE:encrypt/0.2
CL:8

«|üŸë?æ
------  
[2023/07/18 13:13:00 773] transport  1484 a_complete_httpmessage  200  
[2023/07/18 13:13:00 774] transport  1594 is_update  true  
[2023/07/18 13:13:00 775] isr_1conn  399  [trans] [isr_1conncisr1PdHHBHvVJhyMNLlac17BupWCf0C8ac] readable  
[2023/07/18 13:13:00 775] isr_1conn  403  size =   427  
[2023/07/18 13:13:00 776] isr_1conn  412  send_ok_num, timer_num, send_average =   15067  12  1255  
[2023/07/18 13:13:00 777] isr_1conn  415  netperf =   90  
[2023/07/18 13:13:00 779] isr_1conn  419  start netperf_grs_timer  
[2023/07/18 13:13:00 780] isr_1conn  435  response  
[2023/07/18 13:13:00 781] isr_1conn  483  resp_syncid =  40  
[2023/07/18 13:13:00 783] isr_1conn  655  40  5  2  
[2023/07/18 13:13:00 784] isr_1conn  662  [session] got last result  
[2023/07/18 13:13:00 785] isr_1conn  667  time from last audio to last result:  142  .  
[2023/07/18 13:13:00 785] isr_1conn  668  time from session-begin to session-end:  4538  .  
[2023/07/18 13:13:00 790] network    90   ipfromenv ,  ipcache  open.xf-yun.com  def  121.37.244.117  
[2023/07/18 13:13:00 792] transport  976  cached ip is confirmed  
[2023/07/18 13:13:00 793] transport  1326 [soc] disconnect   
[2023/07/18 13:13:00 794] transport  986  transport clean  
[2023/07/18 13:13:00 795] isr_1conn  677  [session] got 1th result  
[2023/07/18 13:13:00 796] isr_1conn  689  time from first audio to first result:  4536  .  
[2023/07/18 13:13:00 797] transport  1756 HTTP/1.1 200 OK
Content-Type: text/plain
Content-Length: 120
X-Req-Date: 2023/07/18 13:13:00 672
CL: 120
X-Res-Date: 2023/07/18 13:13:00 672

ver=MSSP+0%2E9&ret=0&cver=5%2E0%2E38%2E1195&rcs=2&key=0dErHg3e3eqBvDGGsqj/3IkI7YkPeV0gCj3ZITyNQlLZtqItmO2r6DuSB0qnWsDczA  
[2023/07/18 13:13:00 910] isr_1conn  2037 ASR_CLOUD_MSG_SSE  
[2023/07/18 13:13:00 916] isr_1conn  1276 isr_1conn session info  
[2023/07/18 13:13:00 922] isr_1conn  2180 session finished! ret =   0  
