============================================================
Time  2023/07/18 15:18:02 906 
============================================================
[2023/07/18 15:18:02 906] isr_1conn  2211 SYS_MSG_LOAD_CLOUD  
[2023/07/18 15:18:02 906] isr_1conn  2232 SYS_MSG_REGCB_CLOUD param0 =   msp_status_cb  param1 =  func(b2154290) 
[2023/07/18 15:18:02 909] isr_1conn  2232 SYS_MSG_REGCB_CLOUD param0 =   cloud_rslt_cb  param1 =  func(b2154390) 
[2023/07/18 15:18:02 910] isr_1conn  2232 SYS_MSG_REGCB_CLOUD param0 =   cloud_err_cb  param1 =  func(b2154450) 
[2023/07/18 15:18:02 911] isr_1conn  2232 SYS_MSG_REGCB_CLOUD param0 =   cloud_status_cb  param1 =  func(b2154510) 
[2023/07/18 15:18:02 911] isr_1conn  1411 onesoc  
[2023/07/18 15:18:02 911] isr_1conn  1412 ASR_CLOUD_MSG_SSB  
[2023/07/18 15:18:02 912] isr_1conn  1427 isr_1conn  cloud_cisr1PdHHBHvVoq21kkdaadopar+l12dGw  268436457  1643074006  
[2023/07/18 15:18:02 912] isr_1conn  1497 req_lgi_id =  nil  
[2023/07/18 15:18:02 912] isr_1conn  1498 not login!  
[2023/07/18 15:18:02 915] isr_1conn  1631 nil  
[2023/07/18 15:18:02 915] isr_1conn  1690 speex-wb  
[2023/07/18 15:18:02 915] isr_1conn  1770 net_once_bytes  nil  
[2023/07/18 15:18:02 916] isr_1conn  1775 need_encode  true  
[2023/07/18 15:18:02 926] isr_1conn  1777 once bytes  122  
[2023/07/18 15:18:02 927] isr_1conn  1801 User set url is   nil  
[2023/07/18 15:18:02 928] transport  642  paramkvsport is   nil  
[2023/07/18 15:18:02 928] transport  654  ns_enable=  1  
[2023/07/18 15:18:02 928] transport  656  2017-08--24 is_ns_need_close =   nil  
[2023/07/18 15:18:02 928] transport  662  net.nettype=  standard  
[2023/07/18 15:18:02 928] transport  672  url.full=  nil  
[2023/07/18 15:18:02 928] transport  673  urltmp=  nil  
[2023/07/18 15:18:02 928] transport  677  server_url_host=, server_url_port=, server_url_path=  open.xf-yun.com  nil  /msp.do  
[2023/07/18 15:18:02 928] transport  705  url.full=  nil  
[2023/07/18 15:18:02 929] transport  902  net type:  standard  
[2023/07/18 15:18:02 929] transport  903  net operator:  def  
[2023/07/18 15:18:02 929] transport  904  use proxy:  false  
[2023/07/18 15:18:02 929] transport  1102 session.domain=  open.xf-yun.com  
[2023/07/18 15:18:02 929] transport  1103 url.host=  open.xf-yun.com  
[2023/07/18 15:18:02 929] network    90   ipfromenv ,  ipcache  open.xf-yun.com  def  nil  
[2023/07/18 15:18:02 929] transport  1080 NAMESERVER START  
[2023/07/18 15:18:02 929] transport  1083 name =   iat  
[2023/07/18 15:18:02 930] ns         629  ntt=  standard  
[2023/07/18 15:18:02 930] transport  1086 trans,ns_inprog =  0  
[2023/07/18 15:18:02 930] ns         585  name server start  
[2023/07/18 15:18:02 930] ns         586  ns_sub =   iat  
[2023/07/18 15:18:02 930] ns         588  ns_host=  open.xf-yun.com  
[2023/07/18 15:18:02 930] ns         479  ns_host=  open.xf-yun.com  
[2023/07/18 15:18:02 930] ns         558  GET /sip/resolver?srand=0718151811.32 HTTP/1.1
Host: hdns.openspeech.cn
Connection: Keep-Alive
X-Par: ver=1.3&appid=cdd053ec&operator=UNKNOW&nettype=STANDARD&cver=5.0.38.1195&svc=iat&host=open.xf-yun.com&sign=c3c6447d7df2c37d530e8ce3ac41475f
User-Agent: iFLYCloud

  
[2023/07/18 15:18:02 931] ns         559  net_type =  standard  
[2023/07/18 15:18:02 931] ns         560  cmwapascmnet =  
[2023/07/18 15:18:02 931] ns         561  uniwapasuninet =  
[2023/07/18 15:18:02 931] ns         562  ctwapasctnet =  
[2023/07/18 15:18:02 931] ns         579  host=  hdns.openspeech.cn  
[2023/07/18 15:18:02 931] network    263  gethostbyname  hdns.openspeech.cn  ns1  
