[2023/07/12 23:05:27 798] transport  1756 HTTP/1.1 200 OK
Content-Type: multipart/mixed;boundary=--
Content-Length: 309
X-Req-Date: 2023/07/12 23:05:27 793
CL: 309
X-Res-Date: 2023/07/12 23:05:27 794

----
CT:text/plain
CL:187

ver=MSSP+0%2E9&ret=0&uid=d18657010834&rss=5&cver=5%2E0%2E38%2E1195&eps=1&key=0fEQxgpKVPEey55FAx5s6CMAtVvyX1mU6Yt11Od4OkhlY^HBywnTxKrYa4XMg2oYMStQy8j/bqXoZL6RxJ/fwQ2w5^WQYQyQCOS^kcSf38ENs=
----
CT:binary/recresult;charset=utf8
CE:encrypt/0.2
CL:16

╘з╬5%ви  
[2023/07/12 23:05:27 798] transport  1484 a_complete_httpmessage  200  
[2023/07/12 23:05:27 798] transport  1594 is_update  true  
[2023/07/12 23:05:27 799] isr_1conn  399  [trans] [isr_1conncisr1PdHHBHvF+dfa3G-adB9xBJdCvRw0pec] readable  
[2023/07/12 23:05:27 799] isr_1conn  403  size =   244  
[2023/07/12 23:05:27 799] isr_1conn  435  response  
[2023/07/12 23:05:27 799] isr_1conn  483  resp_syncid =  42  
[2023/07/12 23:05:27 799] isr_1conn  580  42  5  0  1  
[2023/07/12 23:05:27 799] isr_1conn  594  [session] got last result  
[2023/07/12 23:05:27 799] isr_1conn  599  time from last audio to last result:  51  .  
[2023/07/12 23:05:27 799] isr_1conn  600  time from session-begin to session-end:  4401  .  
[2023/07/12 23:05:27 802] network    90   ipfromenv ,  ipcache  open.xf-yun.com  def  121.37.220.137  
[2023/07/12 23:05:27 802] transport  976  cached ip is confirmed  
[2023/07/12 23:05:27 802] transport  1326 [soc] disconnect   
[2023/07/12 23:05:27 802] transport  986  transport clean  
[2023/07/12 23:05:27 803] isr_1conn  609  [session] got 2th result  
[2023/07/12 23:05:27 840] isr_1conn  1828 ASR_CLOUD_MSG_AUW  3200  2  
[2023/07/12 23:05:27 956] isr_1conn  282  netperf =   100  
[2023/07/12 23:05:28 357] isr_1conn  289  send_ok_num, timer_num, send_average =   13054  10  1305  
[2023/07/12 23:05:28 357] isr_1conn  292  netperf =   90  
[2023/07/12 23:05:28 758] isr_1conn  289  send_ok_num, timer_num, send_average =   13054  11  1186  
[2023/07/12 23:05:28 758] isr_1conn  292  netperf =   90  
[2023/07/12 23:05:29 159] isr_1conn  289  send_ok_num, timer_num, send_average =   13054  12  1087  
[2023/07/12 23:05:29 159] isr_1conn  292  netperf =   90  
[2023/07/12 23:05:29 563] isr_1conn  289  send_ok_num, timer_num, send_average =   13054  13  1004  
[2023/07/12 23:05:29 564] isr_1conn  292  netperf =   90  
[2023/07/12 23:05:29 964] isr_1conn  289  send_ok_num, timer_num, send_average =   13054  14  932  
[2023/07/12 23:05:29 964] isr_1conn  292  netperf =   70  
[2023/07/12 23:05:30 365] isr_1conn  289  send_ok_num, timer_num, send_average =   13054  15  870  
[2023/07/12 23:05:30 365] isr_1conn  292  netperf =   70  
[2023/07/12 23:05:30 766] isr_1conn  289  send_ok_num, timer_num, send_average =   13054  16  815  
[2023/07/12 23:05:30 766] isr_1conn  292  netperf =   70  
[2023/07/12 23:05:31 166] isr_1conn  289  send_ok_num, timer_num, send_average =   13054  17  767  
[2023/07/12 23:05:31 167] isr_1conn  292  netperf =   70  
[2023/07/12 23:05:31 567] isr_1conn  289  send_ok_num, timer_num, send_average =   13054  18  725  
[2023/07/12 23:05:31 568] isr_1conn  292  netperf =   70  
[2023/07/12 23:05:31 968] isr_1conn  289  send_ok_num, timer_num, send_average =   13054  19  687  
[2023/07/12 23:05:31 969] isr_1conn  292  netperf =   70  
[2023/07/12 23:05:32 369] isr_1conn  289  send_ok_num, timer_num, send_average =   13054  20  652  
[2023/07/12 23:05:32 370] isr_1conn  292  netperf =   70  
[2023/07/12 23:05:32 770] isr_1conn  289  send_ok_num, timer_num, send_average =   13054  21  621  
[2023/07/12 23:05:32 771] isr_1conn  292  netperf =   70  
[2023/07/12 23:05:33 171] isr_1conn  289  send_ok_num, timer_num, send_average =   13054  22  593  
[2023/07/12 23:05:33 172] isr_1conn  292  netperf =   70  
[2023/07/12 23:05:33 572] isr_1conn  289  send_ok_num, timer_num, send_average =   13054  23  567  
[2023/07/12 23:05:33 573] isr_1conn  292  netperf =   70  
